#
# There is insufficient memory for the Java Runtime Environment to continue.
# Native memory allocation (malloc) failed to allocate 497856 bytes for Chunk::new
# Possible reasons:
#   The system is out of physical RAM or swap space
#   In 32 bit mode, the process size limit was hit
# Possible solutions:
#   Reduce memory load on the system
#   Increase physical memory or swap space
#   Check if swap backing store is full
#   Use 64 bit Java on a 64 bit OS
#   Decrease Java heap size (-Xmx/-Xms)
#   Decrease number of Java threads
#   Decrease Java thread stack sizes (-Xss)
#   Set larger code cache with -XX:ReservedCodeCacheSize=
# This output file may be truncated or incomplete.
#
#  Out of Memory Error (allocation.cpp:390), pid=16588, tid=0x00000000000072a8
#
# JRE version: OpenJDK Runtime Environment (8.0_152-b06) (build 1.8.0_152-release-1136-b06)
# Java VM: OpenJDK 64-Bit Server VM (25.152-b06 mixed mode windows-amd64 compressed oops)
# Failed to write core dump. Minidumps are not enabled by default on client versions of Windows
#

---------------  T H R E A D  ---------------

Current thread (0x0000000018d51800):  JavaThread "C2 CompilerThread2" daemon [_thread_in_native, id=29352, stack(0x00000000196e0000,0x00000000197e0000)]

Stack: [0x00000000196e0000,0x00000000197e0000]
[error occurred during error reporting (printing stack bounds), id 0xc0000005]

Native frames: (J=compiled Java code, j=interpreted, Vv=VM code, C=native code)


Current CompileTask:
C2: 240171 17329       4       com.android.tools.r8.ir.optimize.MoveEliminator::shouldBeEliminated (265 bytes)


---------------  P R O C E S S  ---------------

Java Threads: ( => current thread )
  0x000000001cc87800 JavaThread "ForkJoinPool.commonPool-worker-6" daemon [_thread_blocked, id=31672, stack(0x000000002c580000,0x000000002c680000)]
  0x000000001cc86000 JavaThread "ForkJoinPool.commonPool-worker-5" daemon [_thread_blocked, id=23916, stack(0x000000002c480000,0x000000002c580000)]
  0x000000001cc8b800 JavaThread "ForkJoinPool.commonPool-worker-3" daemon [_thread_blocked, id=16748, stack(0x000000002c380000,0x000000002c480000)]
  0x000000001cc8a000 JavaThread "ForkJoinPool.commonPool-worker-4" daemon [_thread_blocked, id=33024, stack(0x000000002c280000,0x000000002c380000)]
  0x000000001cc88800 JavaThread "ForkJoinPool.commonPool-worker-2" daemon [_thread_in_Java, id=5700, stack(0x000000002c180000,0x000000002c280000)]
  0x000000001cc89000 JavaThread "ForkJoinPool.commonPool-worker-1" daemon [_thread_blocked, id=27068, stack(0x000000002c080000,0x000000002c180000)]
  0x000000001e496000 JavaThread "ForkJoinPool.commonPool-worker-0" daemon [_thread_in_Java, id=14252, stack(0x000000002be80000,0x000000002bf80000)]
  0x000000001e498000 JavaThread "Cache worker for Java compile cache (C:\Projects 2019\VideoShoppe2\.gradle\4.10.1\javaCompile)" [_thread_blocked, id=31108, stack(0x000000002bd80000,0x000000002be80000)]
  0x000000001e496800 JavaThread "Cache worker for Java compile cache (C:\Users\legoa\.gradle\caches\4.10.1\javaCompile)" [_thread_blocked, id=13472, stack(0x000000002bc80000,0x000000002bd80000)]
  0x000000001e497800 JavaThread "stdout" [_thread_in_native, id=21760, stack(0x000000002bb80000,0x000000002bc80000)]
  0x000000001e48d800 JavaThread "stderr" [_thread_in_native, id=23328, stack(0x000000002ba80000,0x000000002bb80000)]
  0x000000001e493800 JavaThread "pool-7-thread-1" [_thread_blocked, id=17940, stack(0x000000002b980000,0x000000002ba80000)]
  0x000000001e493000 JavaThread "Task worker for ':' Thread 7" [_thread_blocked, id=21068, stack(0x000000002b880000,0x000000002b980000)]
  0x000000001e494800 JavaThread "Cache worker for Build Output Cleanup Cache (C:\Projects 2019\VideoShoppe2\.gradle\buildOutputCleanup)" [_thread_blocked, id=12848, stack(0x000000002b780000,0x000000002b880000)]
  0x000000001e48b800 JavaThread "Task worker for ':' Thread 6" [_thread_blocked, id=20628, stack(0x000000002b680000,0x000000002b780000)]
  0x000000001e492000 JavaThread "Task worker for ':' Thread 5" [_thread_blocked, id=10436, stack(0x000000002b580000,0x000000002b680000)]
  0x000000001e491800 JavaThread "Cache worker for task history cache (C:\Projects 2019\VideoShoppe2\.gradle\4.10.1\taskHistory)" [_thread_blocked, id=13588, stack(0x000000002b480000,0x000000002b580000)]
  0x000000001e48f000 JavaThread "Task worker for ':' Thread 4" [_thread_blocked, id=7668, stack(0x000000002b380000,0x000000002b480000)]
  0x000000001e490000 JavaThread "Task worker for ':' Thread 3" [_thread_blocked, id=20308, stack(0x000000002b280000,0x000000002b380000)]
  0x000000001e48c000 JavaThread "Task worker for ':' Thread 2" [_thread_blocked, id=22924, stack(0x000000002b180000,0x000000002b280000)]
  0x000000001e489000 JavaThread "Task worker for ':'" [_thread_blocked, id=10480, stack(0x000000002b080000,0x000000002b180000)]
  0x00000000205b0000 JavaThread "Cache worker for file content cache (C:\Projects 2019\VideoShoppe2\.gradle\4.10.1\fileContent)" [_thread_blocked, id=22860, stack(0x000000002af80000,0x000000002b080000)]
  0x00000000205b3000 JavaThread "Build operations Thread 8" [_thread_blocked, id=16568, stack(0x000000002ae80000,0x000000002af80000)]
  0x00000000205b2800 JavaThread "Build operations Thread 7" [_thread_blocked, id=22484, stack(0x000000002ad80000,0x000000002ae80000)]
  0x00000000205b1800 JavaThread "Build operations Thread 6" [_thread_blocked, id=11768, stack(0x000000002ac80000,0x000000002ad80000)]
  0x00000000205b4800 JavaThread "Build operations Thread 5" [_thread_blocked, id=11320, stack(0x000000002ab80000,0x000000002ac80000)]
  0x00000000205b1000 JavaThread "Build operations Thread 4" [_thread_blocked, id=21956, stack(0x000000002aa80000,0x000000002ab80000)]
  0x00000000205b5800 JavaThread "Build operations Thread 3" [_thread_blocked, id=18076, stack(0x000000002a980000,0x000000002aa80000)]
  0x00000000205a8800 JavaThread "Build operations Thread 2" [_thread_blocked, id=5708, stack(0x000000002a880000,0x000000002a980000)]
  0x00000000205ad000 JavaThread "Build operations" [_thread_blocked, id=32544, stack(0x000000002a780000,0x000000002a880000)]
  0x00000000205ab000 JavaThread "Cache worker for cache directory md-rule (C:\Users\legoa\.gradle\caches\4.10.1\md-rule)" [_thread_blocked, id=19672, stack(0x000000002a680000,0x000000002a780000)]
  0x00000000205ae000 JavaThread "Cache worker for cache directory md-supplier (C:\Users\legoa\.gradle\caches\4.10.1\md-supplier)" [_thread_blocked, id=10376, stack(0x000000002a580000,0x000000002a680000)]
  0x00000000205af800 JavaThread "Cache worker for file hash cache (C:\Projects 2019\VideoShoppe2\.gradle\4.10.1\fileHashes)" [_thread_blocked, id=32896, stack(0x000000002a480000,0x000000002a580000)]
  0x00000000205aa000 JavaThread "Stdin handler" [_thread_blocked, id=27680, stack(0x000000002a380000,0x000000002a480000)]
  0x00000000205a7000 JavaThread "Asynchronous log dispatcher for DefaultDaemonConnection: socket connection from /127.0.0.1:54604 to /127.0.0.1:54832" [_thread_blocked, id=31232, stack(0x000000002a280000,0x000000002a380000)]
  0x00000000205ac800 JavaThread "Cancel handler" [_thread_blocked, id=31552, stack(0x000000002a180000,0x000000002a280000)]
  0x00000000205a8000 JavaThread "Handler for socket connection from /127.0.0.1:54604 to /127.0.0.1:54832" [_thread_in_native, id=16164, stack(0x000000002a080000,0x000000002a180000)]
  0x000000001cc87000 JavaThread "Cache worker for file content cache (C:\Users\legoa\.gradle\caches\4.10.1\fileContent)" [_thread_blocked, id=7220, stack(0x0000000023eb0000,0x0000000023fb0000)]
  0x000000001cc8c000 JavaThread "Memory manager" [_thread_blocked, id=20648, stack(0x0000000023bb0000,0x0000000023cb0000)]
  0x000000001af0a800 JavaThread "Cache worker for Artifact transforms cache (C:\Users\legoa\.gradle\caches\transforms-1)" [_thread_blocked, id=32740, stack(0x00000000209e0000,0x0000000020ae0000)]
  0x000000001af08800 JavaThread "Cache worker for journal cache (C:\Users\legoa\.gradle\caches\journal-1)" [_thread_blocked, id=31768, stack(0x000000001ee80000,0x000000001ef80000)]
  0x000000001ae51800 JavaThread "File lock request listener" [_thread_in_native, id=31496, stack(0x000000001ec80000,0x000000001ed80000)]
  0x000000001ae51000 JavaThread "Cache worker for file hash cache (C:\Users\legoa\.gradle\caches\4.10.1\fileHashes)" [_thread_blocked, id=20220, stack(0x000000001e9a0000,0x000000001eaa0000)]
  0x000000001ad44800 JavaThread "Daemon worker" [_thread_blocked, id=28840, stack(0x000000001be30000,0x000000001bf30000)]
  0x000000001ad22000 JavaThread "Daemon" [_thread_blocked, id=11504, stack(0x000000001bb30000,0x000000001bc30000)]
  0x000000001ad09000 JavaThread "Daemon periodic checks" [_thread_blocked, id=25788, stack(0x000000001ba30000,0x000000001bb30000)]
  0x000000001ad05800 JavaThread "Incoming local TCP Connector on port 54604" [_thread_in_native, id=12940, stack(0x000000001b7f0000,0x000000001b8f0000)]
  0x0000000018dba800 JavaThread "Service Thread" daemon [_thread_blocked, id=19424, stack(0x00000000198e0000,0x00000000199e0000)]
  0x0000000018d7f800 JavaThread "C1 CompilerThread3" daemon [_thread_in_native, id=11852, stack(0x00000000197e0000,0x00000000198e0000)]
=>0x0000000018d51800 JavaThread "C2 CompilerThread2" daemon [_thread_in_native, id=29352, stack(0x00000000196e0000,0x00000000197e0000)]
  0x0000000018d23800 JavaThread "C2 CompilerThread1" daemon [_thread_in_native, id=9236, stack(0x00000000195e0000,0x00000000196e0000)]
  0x0000000018d1e800 JavaThread "C2 CompilerThread0" daemon [_thread_in_native, id=5576, stack(0x00000000194e0000,0x00000000195e0000)]
  0x0000000018d19000 JavaThread "Attach Listener" daemon [_thread_blocked, id=18228, stack(0x00000000193e0000,0x00000000194e0000)]
  0x0000000018d18800 JavaThread "Signal Dispatcher" daemon [_thread_blocked, id=22848, stack(0x00000000192e0000,0x00000000193e0000)]
  0x0000000018d10800 JavaThread "Finalizer" daemon [_thread_blocked, id=22864, stack(0x00000000190f0000,0x00000000191f0000)]
  0x0000000016e0b800 JavaThread "Reference Handler" daemon [_thread_blocked, id=17212, stack(0x0000000018bf0000,0x0000000018cf0000)]
  0x0000000001a9e000 JavaThread "main" [_thread_blocked, id=31772, stack(0x0000000001940000,0x0000000001a40000)]

Other Threads:
  0x0000000016e06800 VMThread [stack: 0x0000000018af0000,0x0000000018bf0000] [id=24504]
  0x0000000018da0000 WatcherThread [stack: 0x00000000199e0000,0x0000000019ae0000] [id=6332]

VM state:not at safepoint (normal execution)

VM Mutex/Monitor currently owned by a thread: None

Heap:
 PSYoungGen      total 204800K, used 58055K [0x00000000e0000000, 0x00000000ee500000, 0x0000000100000000)
  eden space 175104K, 33% used [0x00000000e0000000,0x00000000e38b1c40,0x00000000eab00000)
  from space 29696K, 0% used [0x00000000eab00000,0x00000000eab00000,0x00000000ec800000)
  to   space 28160K, 0% used [0x00000000ec980000,0x00000000ec980000,0x00000000ee500000)
 ParOldGen       total 93184K, used 69112K [0x00000000a0000000, 0x00000000a5b00000, 0x00000000e0000000)
  object space 93184K, 74% used [0x00000000a0000000,0x00000000a437e250,0x00000000a5b00000)
 Metaspace       used 94148K, capacity 97656K, committed 99188K, reserved 1134592K
  class space    used 12044K, capacity 12834K, committed 13232K, reserved 1048576K

Card table byte_map: [0x0000000012410000,0x0000000012720000] byte_map_base: 0x0000000011f10000

Marking Bits: (ParMarkBitMap*) 0x0000000077f75aa0
 Begin Bits: [0x0000000013120000, 0x0000000014920000)
 End Bits:   [0x0000000014920000, 0x0000000016120000)

Polling page: 0x0000000001020000

CodeCache: size=245760Kb used=49386Kb max_used=49386Kb free=196373Kb
 bounds [0x0000000003410000, 0x0000000006490000, 0x0000000012410000]
 total_blobs=15211 nmethods=14320 adapters=802
 compilation: enabled

Compilation events (10 events):
Event: 240.138 Thread 0x0000000018d7f800 nmethod 17352% 0x0000000006447d10 code [0x0000000006449160, 0x000000000645aba8]
Event: 240.138 Thread 0x0000000018d7f800 17362 %     3       com.android.tools.r8.ir.conversion.JarState::setBuilding @ 156 (353 bytes)
Event: 240.140 Thread 0x0000000018d7f800 nmethod 17362% 0x0000000006476ed0 code [0x0000000006477260, 0x0000000006479268]
Event: 240.140 Thread 0x0000000018d7f800 17363 %     3       com.android.tools.r8.graph.JarCode::hasJsr @ 8 (51 bytes)
Event: 240.141 Thread 0x0000000018d7f800 nmethod 17363% 0x000000000647a1d0 code [0x000000000647a3a0, 0x000000000647aae8]
Event: 240.141 Thread 0x0000000018d7f800 17354 %     3       java.util.HashMap$EntrySpliterator::forEachRemaining @ 122 (183 bytes)
Event: 240.142 Thread 0x0000000018d7f800 nmethod 17354% 0x000000000647ad90 code [0x000000000647af60, 0x000000000647b848]
Event: 240.142 Thread 0x0000000018d7f800 17364 %     3       com.android.tools.r8.ir.analysis.constant.SparseConditionalConstantPropagation::run @ 20 (287 bytes)
Event: 240.144 Thread 0x0000000018d7f800 nmethod 17364% 0x000000000647bc90 code [0x000000000647c0c0, 0x000000000647e2d8]
Event: 240.144 Thread 0x0000000018d7f800 17351 %     3       com.android.tools.r8.ir.optimize.CodeRewriter::rewriteLongCompareAndRequireNonNull @ 13 (256 bytes)

GC Heap History (10 events):
Event: 232.440 GC heap before
{Heap before GC invocations=31 (full 3):
 PSYoungGen      total 204800K, used 174940K [0x00000000e0000000, 0x00000000ee500000, 0x0000000100000000)
  eden space 175104K, 99% used [0x00000000e0000000,0x00000000eaa970c8,0x00000000eab00000)
  from space 29696K, 0% used [0x00000000eab00000,0x00000000eab40000,0x00000000ec800000)
  to   space 28160K, 0% used [0x00000000ec980000,0x00000000ec980000,0x00000000ee500000)
 ParOldGen       total 93184K, used 73223K [0x00000000a0000000, 0x00000000a5b00000, 0x00000000e0000000)
  object space 93184K, 78% used [0x00000000a0000000,0x00000000a4781fc0,0x00000000a5b00000)
 Metaspace       used 84769K, capacity 87644K, committed 87728K, reserved 1126400K
  class space    used 10927K, capacity 11670K, committed 11696K, reserved 1048576K
Event: 232.443 GC heap after
Heap after GC invocations=31 (full 3):
 PSYoungGen      total 203264K, used 224K [0x00000000e0000000, 0x00000000ee500000, 0x0000000100000000)
  eden space 175104K, 0% used [0x00000000e0000000,0x00000000e0000000,0x00000000eab00000)
  from space 28160K, 0% used [0x00000000ec980000,0x00000000ec9b8000,0x00000000ee500000)
  to   space 29696K, 0% used [0x00000000eab00000,0x00000000eab00000,0x00000000ec800000)
 ParOldGen       total 93184K, used 73271K [0x00000000a0000000, 0x00000000a5b00000, 0x00000000e0000000)
  object space 93184K, 78% used [0x00000000a0000000,0x00000000a478dfc0,0x00000000a5b00000)
 Metaspace       used 84769K, capacity 87644K, committed 87728K, reserved 1126400K
  class space    used 10927K, capacity 11670K, committed 11696K, reserved 1048576K
}
Event: 233.090 GC heap before
{Heap before GC invocations=32 (full 3):
 PSYoungGen      total 203264K, used 175328K [0x00000000e0000000, 0x00000000ee500000, 0x0000000100000000)
  eden space 175104K, 100% used [0x00000000e0000000,0x00000000eab00000,0x00000000eab00000)
  from space 28160K, 0% used [0x00000000ec980000,0x00000000ec9b8000,0x00000000ee500000)
  to   space 29696K, 0% used [0x00000000eab00000,0x00000000eab00000,0x00000000ec800000)
 ParOldGen       total 93184K, used 73271K [0x00000000a0000000, 0x00000000a5b00000, 0x00000000e0000000)
  object space 93184K, 78% used [0x00000000a0000000,0x00000000a478dfc0,0x00000000a5b00000)
 Metaspace       used 85188K, capacity 88196K, committed 88368K, reserved 1126400K
  class space    used 10982K, capacity 11720K, committed 11824K, reserved 1048576K
Event: 233.093 GC heap after
Heap after GC invocations=32 (full 3):
 PSYoungGen      total 204800K, used 1077K [0x00000000e0000000, 0x00000000ee500000, 0x0000000100000000)
  eden space 175104K, 0% used [0x00000000e0000000,0x00000000e0000000,0x00000000eab00000)
  from space 29696K, 3% used [0x00000000eab00000,0x00000000eac0d4f0,0x00000000ec800000)
  to   space 28160K, 0% used [0x00000000ec980000,0x00000000ec980000,0x00000000ee500000)
 ParOldGen       total 93184K, used 73335K [0x00000000a0000000, 0x00000000a5b00000, 0x00000000e0000000)
  object space 93184K, 78% used [0x00000000a0000000,0x00000000a479dfc0,0x00000000a5b00000)
 Metaspace       used 85188K, capacity 88196K, committed 88368K, reserved 1126400K
  class space    used 10982K, capacity 11720K, committed 11824K, reserved 1048576K
}
Event: 239.217 GC heap before
{Heap before GC invocations=33 (full 3):
 PSYoungGen      total 204800K, used 163261K [0x00000000e0000000, 0x00000000ee500000, 0x0000000100000000)
  eden space 175104K, 92% used [0x00000000e0000000,0x00000000e9e62198,0x00000000eab00000)
  from space 29696K, 3% used [0x00000000eab00000,0x00000000eac0d4f0,0x00000000ec800000)
  to   space 28160K, 0% used [0x00000000ec980000,0x00000000ec980000,0x00000000ee500000)
 ParOldGen       total 93184K, used 73335K [0x00000000a0000000, 0x00000000a5b00000, 0x00000000e0000000)
  object space 93184K, 78% used [0x00000000a0000000,0x00000000a479dfc0,0x00000000a5b00000)
 Metaspace       used 94010K, capacity 98534K, committed 98856K, reserved 1134592K
  class space    used 12188K, capacity 13141K, committed 13232K, reserved 1048576K
Event: 239.237 GC heap after
Heap after GC invocations=33 (full 3):
 PSYoungGen      total 203264K, used 17758K [0x00000000e0000000, 0x00000000ee500000, 0x0000000100000000)
  eden space 175104K, 0% used [0x00000000e0000000,0x00000000e0000000,0x00000000eab00000)
  from space 28160K, 63% used [0x00000000ec980000,0x00000000edad78d0,0x00000000ee500000)
  to   space 29696K, 0% used [0x00000000eab00000,0x00000000eab00000,0x00000000ec800000)
 ParOldGen       total 93184K, used 73815K [0x00000000a0000000, 0x00000000a5b00000, 0x00000000e0000000)
  object space 93184K, 79% used [0x00000000a0000000,0x00000000a4815ec8,0x00000000a5b00000)
 Metaspace       used 94010K, capacity 98534K, committed 98856K, reserved 1134592K
  class space    used 12188K, capacity 13141K, committed 13232K, reserved 1048576K
}
Event: 239.444 GC heap before
{Heap before GC invocations=34 (full 3):
 PSYoungGen      total 203264K, used 46236K [0x00000000e0000000, 0x00000000ee500000, 0x0000000100000000)
  eden space 175104K, 16% used [0x00000000e0000000,0x00000000e1bcf808,0x00000000eab00000)
  from space 28160K, 63% used [0x00000000ec980000,0x00000000edad78d0,0x00000000ee500000)
  to   space 29696K, 0% used [0x00000000eab00000,0x00000000eab00000,0x00000000ec800000)
 ParOldGen       total 93184K, used 73815K [0x00000000a0000000, 0x00000000a5b00000, 0x00000000e0000000)
  object space 93184K, 79% used [0x00000000a0000000,0x00000000a4815ec8,0x00000000a5b00000)
 Metaspace       used 94382K, capacity 98856K, committed 98932K, reserved 1134592K
  class space    used 12215K, capacity 13176K, committed 13232K, reserved 1048576K
Event: 239.459 GC heap after
Heap after GC invocations=34 (full 3):
 PSYoungGen      total 204800K, used 1824K [0x00000000e0000000, 0x00000000ee500000, 0x0000000100000000)
  eden space 175104K, 0% used [0x00000000e0000000,0x00000000e0000000,0x00000000eab00000)
  from space 29696K, 6% used [0x00000000eab00000,0x00000000eacc8010,0x00000000ec800000)
  to   space 28160K, 0% used [0x00000000ec980000,0x00000000ec980000,0x00000000ee500000)
 ParOldGen       total 93184K, used 81771K [0x00000000a0000000, 0x00000000a5b00000, 0x00000000e0000000)
  object space 93184K, 87% used [0x00000000a0000000,0x00000000a4fdae28,0x00000000a5b00000)
 Metaspace       used 94382K, capacity 98856K, committed 98932K, reserved 1134592K
  class space    used 12215K, capacity 13176K, committed 13232K, reserved 1048576K
}
Event: 239.459 GC heap before
{Heap before GC invocations=35 (full 4):
 PSYoungGen      total 204800K, used 1824K [0x00000000e0000000, 0x00000000ee500000, 0x0000000100000000)
  eden space 175104K, 0% used [0x00000000e0000000,0x00000000e0000000,0x00000000eab00000)
  from space 29696K, 6% used [0x00000000eab00000,0x00000000eacc8010,0x00000000ec800000)
  to   space 28160K, 0% used [0x00000000ec980000,0x00000000ec980000,0x00000000ee500000)
 ParOldGen       total 93184K, used 81771K [0x00000000a0000000, 0x00000000a5b00000, 0x00000000e0000000)
  object space 93184K, 87% used [0x00000000a0000000,0x00000000a4fdae28,0x00000000a5b00000)
 Metaspace       used 94382K, capacity 98856K, committed 98932K, reserved 1134592K
  class space    used 12215K, capacity 13176K, committed 13232K, reserved 1048576K
Event: 239.779 GC heap after
Heap after GC invocations=35 (full 4):
 PSYoungGen      total 204800K, used 0K [0x00000000e0000000, 0x00000000ee500000, 0x0000000100000000)
  eden space 175104K, 0% used [0x00000000e0000000,0x00000000e0000000,0x00000000eab00000)
  from space 29696K, 0% used [0x00000000eab00000,0x00000000eab00000,0x00000000ec800000)
  to   space 28160K, 0% used [0x00000000ec980000,0x00000000ec980000,0x00000000ee500000)
 ParOldGen       total 93184K, used 69112K [0x00000000a0000000, 0x00000000a5b00000, 0x00000000e0000000)
  object space 93184K, 74% used [0x00000000a0000000,0x00000000a437e250,0x00000000a5b00000)
 Metaspace       used 93824K, capacity 97314K, committed 98932K, reserved 1134592K
  class space    used 12028K, capacity 12833K, committed 13232K, reserved 1048576K
}

Deoptimization events (10 events):
Event: 239.840 Thread 0x000000001cc87800 Uncommon trap: reason=unstable_if action=reinterpret pc=0x0000000006335398 method=com.android.tools.r8.ir.conversion.JarState$Slot.isReferenceCompatible(Lcom/android/tools/r8/org/objectweb/asm/Type;Lcom/android/tools/r8/org/objectweb/asm/Type;)Z @ 20
Event: 239.860 Thread 0x000000001cc87800 Uncommon trap: reason=array_check action=maybe_recompile pc=0x000000000547fa90 method=java.util.TimSort.binarySort([Ljava/lang/Object;IIILjava/util/Comparator;)V @ 193
Event: 239.863 Thread 0x000000001cc87800 Uncommon trap: reason=array_check action=maybe_recompile pc=0x000000000547fa90 method=java.util.TimSort.binarySort([Ljava/lang/Object;IIILjava/util/Comparator;)V @ 193
Event: 239.866 Thread 0x000000001cc87800 Uncommon trap: reason=unstable_if action=reinterpret pc=0x0000000006140750 method=com.android.tools.r8.graph.DexString.slowCompareTo(Lcom/android/tools/r8/graph/DexString;)I @ 136
Event: 239.909 Thread 0x000000001cc88800 Uncommon trap: reason=bimorphic action=maybe_recompile pc=0x0000000006239a78 method=com.android.tools.r8.com.google.common.collect.AbstractIndexedListIterator.next()Ljava/lang/Object; @ 27
Event: 240.051 Thread 0x000000001cc88800 Uncommon trap: reason=class_check action=maybe_recompile pc=0x00000000063cf540 method=com.android.tools.r8.ir.optimize.MoveEliminator.shouldBeEliminated(Lcom/android/tools/r8/ir/code/Instruction;)Z @ 256
Event: 240.051 Thread 0x000000001cc88800 Uncommon trap: reason=class_check action=maybe_recompile pc=0x00000000063cf540 method=com.android.tools.r8.ir.optimize.MoveEliminator.shouldBeEliminated(Lcom/android/tools/r8/ir/code/Instruction;)Z @ 256
Event: 240.074 Thread 0x000000001cc88800 Uncommon trap: reason=unstable_if action=reinterpret pc=0x0000000006343430 method=com.android.tools.r8.ir.regalloc.LiveIntervals.getSplitCovering(I)Lcom/android/tools/r8/ir/regalloc/LiveIntervals; @ 134
Event: 240.076 Thread 0x000000001cc88800 Uncommon trap: reason=class_check action=maybe_recompile pc=0x00000000063cf540 method=com.android.tools.r8.ir.optimize.MoveEliminator.shouldBeEliminated(Lcom/android/tools/r8/ir/code/Instruction;)Z @ 256
Event: 240.077 Thread 0x000000001cc88800 Uncommon trap: reason=class_check action=maybe_recompile pc=0x00000000063cf540 method=com.android.tools.r8.ir.optimize.MoveEliminator.shouldBeEliminated(Lcom/android/tools/r8/ir/code/Instruction;)Z @ 256

Classes redefined (0 events):
No events

Internal exceptions (10 events):
Event: 239.391 Thread 0x000000001cc8a000 Exception <a 'sun/nio/fs/WindowsException'> (0x00000000e1085ab0) thrown at [D:\src\AOSP-openjdk-cygwin\jdk8u\hotspot\src\share\vm\prims\jni.cpp, line 709]
Event: 239.434 Thread 0x000000001cc89000 Exception <a 'sun/nio/fs/WindowsException'> (0x00000000e0f33040) thrown at [D:\src\AOSP-openjdk-cygwin\jdk8u\hotspot\src\share\vm\prims\jni.cpp, line 709]
Event: 239.794 Thread 0x000000001cc89000 Exception <a 'sun/nio/fs/WindowsException'> (0x00000000e02c5860) thrown at [D:\src\AOSP-openjdk-cygwin\jdk8u\hotspot\src\share\vm\prims\jni.cpp, line 709]
Event: 239.873 Thread 0x000000001cc87800 Exception <a 'sun/nio/fs/WindowsException'> (0x00000000e10f1bd0) thrown at [D:\src\AOSP-openjdk-cygwin\jdk8u\hotspot\src\share\vm\prims\jni.cpp, line 709]
Event: 239.894 Thread 0x000000001cc87800 Exception <a 'sun/nio/fs/WindowsException'> (0x00000000e10f6c08) thrown at [D:\src\AOSP-openjdk-cygwin\jdk8u\hotspot\src\share\vm\prims\jni.cpp, line 709]
Event: 239.905 Thread 0x000000001cc87800 Exception <a 'sun/nio/fs/WindowsException'> (0x00000000e10fc168) thrown at [D:\src\AOSP-openjdk-cygwin\jdk8u\hotspot\src\share\vm\prims\jni.cpp, line 709]
Event: 239.914 Thread 0x000000001cc87800 Exception <a 'sun/nio/fs/WindowsException'> (0x00000000e110a498) thrown at [D:\src\AOSP-openjdk-cygwin\jdk8u\hotspot\src\share\vm\prims\jni.cpp, line 709]
Event: 239.927 Thread 0x000000001cc87800 Exception <a 'sun/nio/fs/WindowsException'> (0x00000000e1adf448) thrown at [D:\src\AOSP-openjdk-cygwin\jdk8u\hotspot\src\share\vm\prims\jni.cpp, line 709]
Event: 239.933 Thread 0x000000001cc87800 Exception <a 'sun/nio/fs/WindowsException'> (0x00000000e1b24ec8) thrown at [D:\src\AOSP-openjdk-cygwin\jdk8u\hotspot\src\share\vm\prims\jni.cpp, line 709]
Event: 239.941 Thread 0x000000001cc87800 Exception <a 'sun/nio/fs/WindowsException'> (0x00000000e1c37490) thrown at [D:\src\AOSP-openjdk-cygwin\jdk8u\hotspot\src\share\vm\prims\jni.cpp, line 709]

Events (10 events):
Event: 240.126 Thread 0x000000001e496000 DEOPT PACKING pc=0x000000000618914b sp=0x000000002bf7e030
Event: 240.126 Thread 0x000000001e496000 DEOPT UNPACKING pc=0x00000000034575d0 sp=0x000000002bf7dd38 mode 0
Event: 240.126 Thread 0x000000001e496000 DEOPT PACKING pc=0x000000000618914b sp=0x000000002bf7e030
Event: 240.126 Thread 0x000000001e496000 DEOPT UNPACKING pc=0x00000000034575d0 sp=0x000000002bf7dd38 mode 0
Event: 240.126 Thread 0x000000001e496000 DEOPT PACKING pc=0x000000000618914b sp=0x000000002bf7e030
Event: 240.126 Thread 0x000000001e496000 DEOPT UNPACKING pc=0x00000000034575d0 sp=0x000000002bf7dd38 mode 0
Event: 240.127 Thread 0x000000001e496000 DEOPT PACKING pc=0x000000000618914b sp=0x000000002bf7e030
Event: 240.127 Thread 0x000000001e496000 DEOPT UNPACKING pc=0x00000000034575d0 sp=0x000000002bf7dd38 mode 0
Event: 240.137 Thread 0x000000001cc88800 DEOPT PACKING pc=0x000000000618914b sp=0x000000002c27e200
Event: 240.137 Thread 0x000000001cc88800 DEOPT UNPACKING pc=0x00000000034575d0 sp=0x000000002c27df08 mode 0


Dynamic libraries:
0x00007ff7604c0000 - 0x00007ff7604f1000 	C:\Program Files\Android\Android Studio\jre\bin\java.exe
0x00007ffd8ea00000 - 0x00007ffd8ebe1000 	C:\WINDOWS\SYSTEM32\ntdll.dll
0x00007ffd8e870000 - 0x00007ffd8e921000 	C:\WINDOWS\System32\KERNEL32.DLL
0x00007ffd8b5f0000 - 0x00007ffd8b863000 	C:\WINDOWS\System32\KERNELBASE.dll
0x00007ffd8ca70000 - 0x00007ffd8cb11000 	C:\WINDOWS\System32\ADVAPI32.dll
0x00007ffd8e930000 - 0x00007ffd8e9ce000 	C:\WINDOWS\System32\msvcrt.dll
0x00007ffd8d120000 - 0x00007ffd8d17b000 	C:\WINDOWS\System32\sechost.dll
0x00007ffd8c430000 - 0x00007ffd8c554000 	C:\WINDOWS\System32\RPCRT4.dll
0x00007ffd8ced0000 - 0x00007ffd8d060000 	C:\WINDOWS\System32\USER32.dll
0x00007ffd8bc80000 - 0x00007ffd8bca0000 	C:\WINDOWS\System32\win32u.dll
0x00007ffd8c560000 - 0x00007ffd8c588000 	C:\WINDOWS\System32\GDI32.dll
0x00007ffd8bcf0000 - 0x00007ffd8be82000 	C:\WINDOWS\System32\gdi32full.dll
0x00007ffd8b870000 - 0x00007ffd8b90f000 	C:\WINDOWS\System32\msvcp_win.dll
0x00007ffd8b910000 - 0x00007ffd8ba08000 	C:\WINDOWS\System32\ucrtbase.dll
0x00007ffd7b1a0000 - 0x00007ffd7b409000 	C:\WINDOWS\WinSxS\amd64_microsoft.windows.common-controls_6595b64144ccf1df_6.0.17134.706_none_fb43a2cb30647007\COMCTL32.dll
0x00007ffd8be90000 - 0x00007ffd8c1b2000 	C:\WINDOWS\System32\combase.dll
0x00007ffd8ba10000 - 0x00007ffd8ba8a000 	C:\WINDOWS\System32\bcryptPrimitives.dll
0x00007ffd8d0f0000 - 0x00007ffd8d11d000 	C:\WINDOWS\System32\IMM32.DLL
0x00000000776d0000 - 0x00000000777a2000 	C:\Program Files\Android\Android Studio\jre\jre\bin\msvcr100.dll
0x00000000777b0000 - 0x0000000077ff1000 	C:\Program Files\Android\Android Studio\jre\jre\bin\server\jvm.dll
0x00007ffd8c590000 - 0x00007ffd8c598000 	C:\WINDOWS\System32\PSAPI.DLL
0x00007ffd7fe00000 - 0x00007ffd7fe0a000 	C:\WINDOWS\SYSTEM32\VERSION.dll
0x00007ffd88640000 - 0x00007ffd88663000 	C:\WINDOWS\SYSTEM32\WINMM.dll
0x00007ffd89940000 - 0x00007ffd89949000 	C:\WINDOWS\SYSTEM32\WSOCK32.dll
0x00007ffd8d060000 - 0x00007ffd8d0cc000 	C:\WINDOWS\System32\WS2_32.dll
0x00007ffd870f0000 - 0x00007ffd8711a000 	C:\WINDOWS\SYSTEM32\WINMMBASE.dll
0x00007ffd8bca0000 - 0x00007ffd8bce9000 	C:\WINDOWS\System32\cfgmgr32.dll
0x00007ffd815b0000 - 0x00007ffd815bf000 	C:\Program Files\Android\Android Studio\jre\jre\bin\verify.dll
0x00007ffd78e70000 - 0x00007ffd78e99000 	C:\Program Files\Android\Android Studio\jre\jre\bin\java.dll
0x00007ffd78dd0000 - 0x00007ffd78de6000 	C:\Program Files\Android\Android Studio\jre\jre\bin\zip.dll
0x00007ffd8d180000 - 0x00007ffd8e5c0000 	C:\WINDOWS\System32\SHELL32.dll
0x00007ffd8ce20000 - 0x00007ffd8cec9000 	C:\WINDOWS\System32\shcore.dll
0x00007ffd8ae80000 - 0x00007ffd8b58d000 	C:\WINDOWS\System32\windows.storage.dll
0x00007ffd8e620000 - 0x00007ffd8e671000 	C:\WINDOWS\System32\shlwapi.dll
0x00007ffd8ad90000 - 0x00007ffd8ada1000 	C:\WINDOWS\System32\kernel.appcore.dll
0x00007ffd8ad60000 - 0x00007ffd8ad7f000 	C:\WINDOWS\System32\profapi.dll
0x00007ffd8ad10000 - 0x00007ffd8ad5c000 	C:\WINDOWS\System32\powrprof.dll
0x00007ffd8ad80000 - 0x00007ffd8ad8a000 	C:\WINDOWS\System32\FLTLIB.DLL
0x00007ffd78b40000 - 0x00007ffd78b5a000 	C:\Program Files\Android\Android Studio\jre\jre\bin\net.dll
0x00007ffd8a590000 - 0x00007ffd8a5f6000 	C:\WINDOWS\system32\mswsock.dll
0x00007ffd78b20000 - 0x00007ffd78b31000 	C:\Program Files\Android\Android Studio\jre\jre\bin\nio.dll
0x00007ffd76de0000 - 0x00007ffd76dfe000 	C:\Users\legoa\.gradle\native\25\windows-amd64\native-platform.dll
0x00007ffd7d0c0000 - 0x00007ffd7d0cd000 	C:\Program Files\Android\Android Studio\jre\jre\bin\management.dll
0x00007ffd8a740000 - 0x00007ffd8a757000 	C:\WINDOWS\SYSTEM32\CRYPTSP.dll
0x00007ffd8a110000 - 0x00007ffd8a143000 	C:\WINDOWS\system32\rsaenh.dll
0x00007ffd8a870000 - 0x00007ffd8a895000 	C:\WINDOWS\SYSTEM32\bcrypt.dll
0x00007ffd8ac40000 - 0x00007ffd8ac68000 	C:\WINDOWS\SYSTEM32\USERENV.dll
0x00007ffd8a760000 - 0x00007ffd8a76b000 	C:\WINDOWS\SYSTEM32\CRYPTBASE.dll
0x00007ffd8a2b0000 - 0x00007ffd8a2e8000 	C:\WINDOWS\SYSTEM32\IPHLPAPI.DLL
0x00007ffd8ce10000 - 0x00007ffd8ce18000 	C:\WINDOWS\System32\NSI.dll
0x00007ffd80800000 - 0x00007ffd80816000 	C:\WINDOWS\SYSTEM32\dhcpcsvc6.DLL
0x00007ffd80770000 - 0x00007ffd8078a000 	C:\WINDOWS\SYSTEM32\dhcpcsvc.DLL
0x00007ffd88740000 - 0x00007ffd887cb000 	C:\WINDOWS\system32\apphelp.dll
0x00007ffd6e1a0000 - 0x00007ffd6e1c4000 	C:\Program Files\Android\Android Studio\jre\jre\bin\sunec.dll
0x00007ffd8a300000 - 0x00007ffd8a3be000 	C:\WINDOWS\SYSTEM32\DNSAPI.dll
0x00007ffd7aa30000 - 0x00007ffd7aa3a000 	C:\Windows\System32\rasadhlp.dll
0x00007ffd7af40000 - 0x00007ffd7afb2000 	C:\WINDOWS\System32\fwpuclnt.dll
0x00007ffd81560000 - 0x00007ffd8156b000 	C:\Program Files\Android\Android Studio\jre\jre\bin\sunmscapi.dll
0x00007ffd8ba90000 - 0x00007ffd8bc72000 	C:\WINDOWS\System32\CRYPT32.dll
0x00007ffd8adb0000 - 0x00007ffd8adc2000 	C:\WINDOWS\System32\MSASN1.dll

VM Arguments:
jvm_args: -Xmx1536m -Dfile.encoding=windows-1252 -Duser.country=US -Duser.language=en -Duser.variant 
java_command: org.gradle.launcher.daemon.bootstrap.GradleDaemon 4.10.1
java_class_path (initial): C:\Users\legoa\.gradle\wrapper\dists\gradle-4.10.1-all\455itskqi2qtf0v2sja68alqd\gradle-4.10.1\lib\gradle-launcher-4.10.1.jar
Launcher Type: SUN_STANDARD

Environment Variables:
PATH=C:\ActiveTcl\bin;C:\Program Files (x86)\Common Files\Oracle\Java\javapath;C:\Program Files (x86)\NVIDIA Corporation\PhysX\Common;C:\ProgramData\Oracle\Java\javapath;C:\Program Files (x86)\Intel\iCLS Client\;C:\Program Files\Intel\iCLS Client\;C:\Windows\system32;C:\Windows;C:\Windows\System32\Wbem;C:\Windows\System32\WindowsPowerShell\v1.0\;C:\Program Files (x86)\Intel\Intel(R) Management Engine Components\DAL;C:\Program Files\Intel\Intel(R) Management Engine Components\DAL;C:\Program Files (x86)\Intel\Intel(R) Management Engine Components\IPT;C:\Program Files\Intel\Intel(R) Management Engine Components\IPT;C:\WINDOWS\system32;C:\WINDOWS;C:\WINDOWS\System32\Wbem;C:\WINDOWS\System32\WindowsPowerShell\v1.0\;C:\Program Files\dotnet\;C:\WINDOWS\system32\config\systemprofile\.dnx\bin;C:\Program Files\Microsoft DNX\Dnvm\;C:\Program Files\Microsoft SQL Server\130\Tools\Binn\;C:\Program Files\nodejs\;C:\Program Files\Git\cmd;C:\Program Files\Microsoft\Web Platform Installer\;C:\Python27;C:\Program Files\PuTTY\;C:\WINDOWS\System32\OpenSSH\;C:\Program Files\Intel\WiFi\bin\;C:\Program Files\Common Files\Intel\WirelessCommon\;C:\Program Files (x86)\ZeroTier\One\;C:\Users\legoa\AppData\Local\Programs\Python\Python35-32\Scripts\;C:\Users\legoa\AppData\Local\Programs\Python\Python35-32\;C:\Users\legoa\AppData\Local\Microsoft\WindowsApps;C:\Users\legoa\AppData\Roaming\npm;
USERNAME=legoa
OS=Windows_NT
PROCESSOR_IDENTIFIER=Intel64 Family 6 Model 94 Stepping 3, GenuineIntel



---------------  S Y S T E M  ---------------

OS: Windows 10.0 , 64 bit Build 17134 (10.0.17134.706)

CPU:total 8 (initial active 8) (4 cores per cpu, 2 threads per core) family 6 model 94 stepping 3, cmov, cx8, fxsr, mmx, sse, sse2, sse3, ssse3, sse4.1, sse4.2, popcnt, avx, avx2, aes, clmul, erms, rtm, 3dnowpref, lzcnt, ht, tsc, tscinvbit, bmi1, bmi2, adx

Memory: 4k page, physical 16647124k(3844696k free), swap 19719124k(4964k free)

vm_info: OpenJDK 64-Bit Server VM (25.152-b06) for windows-amd64 JRE (1.8.0_152-release-1136-b06), built by "builder" with MS VC++ 10.0 (VS2010)

time: Wed Apr 17 14:02:29 2019
elapsed time: 240 seconds (0d 0h 4m 0s)

